ARM GAS  C:\Users\Password\AppData\Local\Temp\ccn325Z5.s 			page 1


   1              		.cpu cortex-m4
   2              		.arch armv7e-m
   3              		.fpu fpv4-sp-d16
   4              		.eabi_attribute 27, 1
   5              		.eabi_attribute 28, 1
   6              		.eabi_attribute 20, 1
   7              		.eabi_attribute 21, 1
   8              		.eabi_attribute 23, 3
   9              		.eabi_attribute 24, 1
  10              		.eabi_attribute 25, 1
  11              		.eabi_attribute 26, 1
  12              		.eabi_attribute 30, 1
  13              		.eabi_attribute 34, 1
  14              		.eabi_attribute 18, 4
  15              		.file	"ads1115.c"
  16              		.text
  17              	.Ltext0:
  18              		.cfi_sections	.debug_frame
  19              		.section	.text.ADS1115_I2C_Send,"ax",%progbits
  20              		.align	1
  21              		.global	ADS1115_I2C_Send
  22              		.syntax unified
  23              		.thumb
  24              		.thumb_func
  26              	ADS1115_I2C_Send:
  27              	.LVL0:
  28              	.LFB130:
  29              		.file 1 "Core/Src/ads1115.c"
   1:Core/Src/ads1115.c **** #include "ads1115.h"
   2:Core/Src/ads1115.c **** #include "stm32f4xx_hal.h"
   3:Core/Src/ads1115.c **** 
   4:Core/Src/ads1115.c **** extern I2C_HandleTypeDef hi2c1;
   5:Core/Src/ads1115.c **** 
   6:Core/Src/ads1115.c **** #define I2C_HANDLE &hi2c1
   7:Core/Src/ads1115.c **** 
   8:Core/Src/ads1115.c **** void ADS1115_I2C_Send(uint8_t devAddr, uint8_t * data, uint16_t size)
   9:Core/Src/ads1115.c **** {
  30              		.loc 1 9 1 view -0
  31              		.cfi_startproc
  32              		@ args = 0, pretend = 0, frame = 0
  33              		@ frame_needed = 0, uses_anonymous_args = 0
  34              		.loc 1 9 1 is_stmt 0 view .LVU1
  35 0000 00B5     		push	{lr}
  36              	.LCFI0:
  37              		.cfi_def_cfa_offset 4
  38              		.cfi_offset 14, -4
  39 0002 83B0     		sub	sp, sp, #12
  40              	.LCFI1:
  41              		.cfi_def_cfa_offset 16
  42 0004 1346     		mov	r3, r2
  10:Core/Src/ads1115.c **** 	HAL_I2C_Master_Transmit(I2C_HANDLE,devAddr,data,size,5);	
  43              		.loc 1 10 2 is_stmt 1 view .LVU2
  44 0006 0522     		movs	r2, #5
  45              	.LVL1:
  46              		.loc 1 10 2 is_stmt 0 view .LVU3
  47 0008 0092     		str	r2, [sp]
  48 000a 0A46     		mov	r2, r1
ARM GAS  C:\Users\Password\AppData\Local\Temp\ccn325Z5.s 			page 2


  49 000c 0146     		mov	r1, r0
  50              	.LVL2:
  51              		.loc 1 10 2 view .LVU4
  52 000e 0348     		ldr	r0, .L3
  53              	.LVL3:
  54              		.loc 1 10 2 view .LVU5
  55 0010 FFF7FEFF 		bl	HAL_I2C_Master_Transmit
  56              	.LVL4:
  11:Core/Src/ads1115.c **** }
  57              		.loc 1 11 1 view .LVU6
  58 0014 03B0     		add	sp, sp, #12
  59              	.LCFI2:
  60              		.cfi_def_cfa_offset 4
  61              		@ sp needed
  62 0016 5DF804FB 		ldr	pc, [sp], #4
  63              	.L4:
  64 001a 00BF     		.align	2
  65              	.L3:
  66 001c 00000000 		.word	hi2c1
  67              		.cfi_endproc
  68              	.LFE130:
  70              		.section	.text.ADS1115_I2C_Receive,"ax",%progbits
  71              		.align	1
  72              		.global	ADS1115_I2C_Receive
  73              		.syntax unified
  74              		.thumb
  75              		.thumb_func
  77              	ADS1115_I2C_Receive:
  78              	.LVL5:
  79              	.LFB131:
  12:Core/Src/ads1115.c **** 
  13:Core/Src/ads1115.c **** void ADS1115_I2C_Receive(uint8_t devAddr, uint8_t * data, uint16_t size)
  14:Core/Src/ads1115.c **** {
  80              		.loc 1 14 1 is_stmt 1 view -0
  81              		.cfi_startproc
  82              		@ args = 0, pretend = 0, frame = 0
  83              		@ frame_needed = 0, uses_anonymous_args = 0
  84              		.loc 1 14 1 is_stmt 0 view .LVU8
  85 0000 00B5     		push	{lr}
  86              	.LCFI3:
  87              		.cfi_def_cfa_offset 4
  88              		.cfi_offset 14, -4
  89 0002 83B0     		sub	sp, sp, #12
  90              	.LCFI4:
  91              		.cfi_def_cfa_offset 16
  92 0004 1346     		mov	r3, r2
  15:Core/Src/ads1115.c **** 	HAL_I2C_Master_Receive(I2C_HANDLE,devAddr,data,size,5);	
  93              		.loc 1 15 2 is_stmt 1 view .LVU9
  94 0006 0522     		movs	r2, #5
  95              	.LVL6:
  96              		.loc 1 15 2 is_stmt 0 view .LVU10
  97 0008 0092     		str	r2, [sp]
  98 000a 0A46     		mov	r2, r1
  99 000c 0146     		mov	r1, r0
 100              	.LVL7:
 101              		.loc 1 15 2 view .LVU11
 102 000e 0348     		ldr	r0, .L7
ARM GAS  C:\Users\Password\AppData\Local\Temp\ccn325Z5.s 			page 3


 103              	.LVL8:
 104              		.loc 1 15 2 view .LVU12
 105 0010 FFF7FEFF 		bl	HAL_I2C_Master_Receive
 106              	.LVL9:
  16:Core/Src/ads1115.c **** }
 107              		.loc 1 16 1 view .LVU13
 108 0014 03B0     		add	sp, sp, #12
 109              	.LCFI5:
 110              		.cfi_def_cfa_offset 4
 111              		@ sp needed
 112 0016 5DF804FB 		ldr	pc, [sp], #4
 113              	.L8:
 114 001a 00BF     		.align	2
 115              	.L7:
 116 001c 00000000 		.word	hi2c1
 117              		.cfi_endproc
 118              	.LFE131:
 120              		.section	.text.ADS1115_Reset,"ax",%progbits
 121              		.align	1
 122              		.global	ADS1115_Reset
 123              		.syntax unified
 124              		.thumb
 125              		.thumb_func
 127              	ADS1115_Reset:
 128              	.LVL10:
 129              	.LFB132:
  17:Core/Src/ads1115.c **** 
  18:Core/Src/ads1115.c **** 
  19:Core/Src/ads1115.c **** /**
  20:Core/Src/ads1115.c ****  * @brief: 	ADS1115_Reset	- uses an I2C general call reset command to perform the equivalent of a p
  21:Core/Src/ads1115.c ****  * @param:	adc				-	ADS1115 struct
  22:Core/Src/ads1115.c ****  * @retval: none
  23:Core/Src/ads1115.c ****  * */
  24:Core/Src/ads1115.c **** void ADS1115_Reset(ADS1115* adc)
  25:Core/Src/ads1115.c **** {
 130              		.loc 1 25 1 is_stmt 1 view -0
 131              		.cfi_startproc
 132              		@ args = 0, pretend = 0, frame = 8
 133              		@ frame_needed = 0, uses_anonymous_args = 0
 134              		.loc 1 25 1 is_stmt 0 view .LVU15
 135 0000 00B5     		push	{lr}
 136              	.LCFI6:
 137              		.cfi_def_cfa_offset 4
 138              		.cfi_offset 14, -4
 139 0002 83B0     		sub	sp, sp, #12
 140              	.LCFI7:
 141              		.cfi_def_cfa_offset 16
  26:Core/Src/ads1115.c **** 	uint8_t resetCommand = 0x06;
 142              		.loc 1 26 2 is_stmt 1 view .LVU16
 143              		.loc 1 26 10 is_stmt 0 view .LVU17
 144 0004 0623     		movs	r3, #6
 145 0006 8DF80730 		strb	r3, [sp, #7]
  27:Core/Src/ads1115.c **** 	ADS1115_I2C_Send(adc->address, &resetCommand, 1);
 146              		.loc 1 27 2 is_stmt 1 view .LVU18
 147 000a 0122     		movs	r2, #1
 148 000c 0DF10701 		add	r1, sp, #7
 149 0010 0078     		ldrb	r0, [r0]	@ zero_extendqisi2
ARM GAS  C:\Users\Password\AppData\Local\Temp\ccn325Z5.s 			page 4


 150              	.LVL11:
 151              		.loc 1 27 2 is_stmt 0 view .LVU19
 152 0012 FFF7FEFF 		bl	ADS1115_I2C_Send
 153              	.LVL12:
  28:Core/Src/ads1115.c **** }
 154              		.loc 1 28 1 view .LVU20
 155 0016 03B0     		add	sp, sp, #12
 156              	.LCFI8:
 157              		.cfi_def_cfa_offset 4
 158              		@ sp needed
 159 0018 5DF804FB 		ldr	pc, [sp], #4
 160              		.cfi_endproc
 161              	.LFE132:
 163              		.section	.text.ADS1115_Init,"ax",%progbits
 164              		.align	1
 165              		.global	ADS1115_Init
 166              		.syntax unified
 167              		.thumb
 168              		.thumb_func
 170              	ADS1115_Init:
 171              	.LVL13:
 172              	.LFB133:
  29:Core/Src/ads1115.c **** 
  30:Core/Src/ads1115.c **** /**
  31:Core/Src/ads1115.c ****  * @brief:	ADS1115_Init	-	initialises an ADS1115 device 
  32:Core/Src/ads1115.c ****  * @param:	adc				-	the struct of the ADS1115 device to be initialized
  33:Core/Src/ads1115.c ****  * @retval:	none
  34:Core/Src/ads1115.c ****  * */
  35:Core/Src/ads1115.c **** void ADS1115_Init(ADS1115* adc)
  36:Core/Src/ads1115.c **** {
 173              		.loc 1 36 1 is_stmt 1 view -0
 174              		.cfi_startproc
 175              		@ args = 0, pretend = 0, frame = 8
 176              		@ frame_needed = 0, uses_anonymous_args = 0
 177              		.loc 1 36 1 is_stmt 0 view .LVU22
 178 0000 10B5     		push	{r4, lr}
 179              	.LCFI9:
 180              		.cfi_def_cfa_offset 8
 181              		.cfi_offset 4, -8
 182              		.cfi_offset 14, -4
 183 0002 82B0     		sub	sp, sp, #8
 184              	.LCFI10:
 185              		.cfi_def_cfa_offset 16
 186 0004 0446     		mov	r4, r0
  37:Core/Src/ads1115.c **** 	uint16_t configValue = 0;	//variable holds config register values-to-be
 187              		.loc 1 37 2 is_stmt 1 view .LVU23
 188              	.LVL14:
  38:Core/Src/ads1115.c **** 	uint8_t buf[3] = {0};
 189              		.loc 1 38 2 view .LVU24
 190              		.loc 1 38 10 is_stmt 0 view .LVU25
 191 0006 274B     		ldr	r3, .L13
 192 0008 1B88     		ldrh	r3, [r3]
 193 000a ADF80430 		strh	r3, [sp, #4]	@ movhi
 194 000e 0023     		movs	r3, #0
 195 0010 8DF80630 		strb	r3, [sp, #6]
  39:Core/Src/ads1115.c **** 
  40:Core/Src/ads1115.c **** 	configValue |= (adc->opStat		<< 	15) 
ARM GAS  C:\Users\Password\AppData\Local\Temp\ccn325Z5.s 			page 5


 196              		.loc 1 40 2 is_stmt 1 view .LVU26
 197              		.loc 1 40 21 is_stmt 0 view .LVU27
 198 0014 4278     		ldrb	r2, [r0, #1]	@ zero_extendqisi2
  41:Core/Src/ads1115.c **** 				| (adc->inputMux 	<<	12) 
 199              		.loc 1 41 11 view .LVU28
 200 0016 8378     		ldrb	r3, [r0, #2]	@ zero_extendqisi2
 201              		.loc 1 41 23 view .LVU29
 202 0018 1B03     		lsls	r3, r3, #12
 203              		.loc 1 41 5 view .LVU30
 204 001a 43EAC233 		orr	r3, r3, r2, lsl #15
 205 001e 1BB2     		sxth	r3, r3
  42:Core/Src/ads1115.c **** 				| (adc->fullRange	<<	9) 
 206              		.loc 1 42 11 view .LVU31
 207 0020 C278     		ldrb	r2, [r0, #3]	@ zero_extendqisi2
 208              		.loc 1 42 5 view .LVU32
 209 0022 43EA4223 		orr	r3, r3, r2, lsl #9
 210 0026 1BB2     		sxth	r3, r3
  43:Core/Src/ads1115.c **** 				| (adc->opMode 		<<	8) 
 211              		.loc 1 43 11 view .LVU33
 212 0028 0279     		ldrb	r2, [r0, #4]	@ zero_extendqisi2
 213              		.loc 1 43 5 view .LVU34
 214 002a 43EA0223 		orr	r3, r3, r2, lsl #8
 215 002e 1BB2     		sxth	r3, r3
  44:Core/Src/ads1115.c **** 				| (adc->sampleRate	<<	5) 
 216              		.loc 1 44 11 view .LVU35
 217 0030 4279     		ldrb	r2, [r0, #5]	@ zero_extendqisi2
 218              		.loc 1 44 5 view .LVU36
 219 0032 43EA4213 		orr	r3, r3, r2, lsl #5
  45:Core/Src/ads1115.c **** 				| (adc->compMode		<<	4) 
 220              		.loc 1 45 11 view .LVU37
 221 0036 8279     		ldrb	r2, [r0, #6]	@ zero_extendqisi2
 222              		.loc 1 45 5 view .LVU38
 223 0038 43EA0213 		orr	r3, r3, r2, lsl #4
  46:Core/Src/ads1115.c **** 				| (adc->compPol		<<	3) 
 224              		.loc 1 46 11 view .LVU39
 225 003c C279     		ldrb	r2, [r0, #7]	@ zero_extendqisi2
 226              		.loc 1 46 5 view .LVU40
 227 003e 43EAC203 		orr	r3, r3, r2, lsl #3
  47:Core/Src/ads1115.c **** 				| (adc->compLatch	<<	2) 
 228              		.loc 1 47 11 view .LVU41
 229 0042 027A     		ldrb	r2, [r0, #8]	@ zero_extendqisi2
 230              		.loc 1 47 5 view .LVU42
 231 0044 43EA8203 		orr	r3, r3, r2, lsl #2
  48:Core/Src/ads1115.c **** 				| adc->compQue		<<	0;
 232              		.loc 1 48 10 view .LVU43
 233 0048 427A     		ldrb	r2, [r0, #9]	@ zero_extendqisi2
 234              		.loc 1 48 5 view .LVU44
 235 004a 1A43     		orrs	r2, r2, r3
 236              	.LVL15:
  49:Core/Src/ads1115.c **** 
  50:Core/Src/ads1115.c **** 
  51:Core/Src/ads1115.c **** 	buf[0] = ADS1115_REG_CONFIG;
 237              		.loc 1 51 2 is_stmt 1 view .LVU45
 238              		.loc 1 51 9 is_stmt 0 view .LVU46
 239 004c 0121     		movs	r1, #1
 240 004e 8DF80410 		strb	r1, [sp, #4]
  52:Core/Src/ads1115.c **** 	buf[1] = (configValue >> 8);		//MSB
ARM GAS  C:\Users\Password\AppData\Local\Temp\ccn325Z5.s 			page 6


 241              		.loc 1 52 2 is_stmt 1 view .LVU47
 242              		.loc 1 52 9 is_stmt 0 view .LVU48
 243 0052 C3F30723 		ubfx	r3, r3, #8, #8
 244 0056 8DF80530 		strb	r3, [sp, #5]
  53:Core/Src/ads1115.c **** 	buf[2] = (configValue & 0xFF);		//LSB
 245              		.loc 1 53 2 is_stmt 1 view .LVU49
 246              		.loc 1 53 9 is_stmt 0 view .LVU50
 247 005a 8DF80620 		strb	r2, [sp, #6]
  54:Core/Src/ads1115.c **** 	ADS1115_I2C_Send(adc->address,buf,3);
 248              		.loc 1 54 2 is_stmt 1 view .LVU51
 249 005e 0322     		movs	r2, #3
 250              	.LVL16:
 251              		.loc 1 54 2 is_stmt 0 view .LVU52
 252 0060 01A9     		add	r1, sp, #4
 253 0062 0078     		ldrb	r0, [r0]	@ zero_extendqisi2
 254              	.LVL17:
 255              		.loc 1 54 2 view .LVU53
 256 0064 FFF7FEFF 		bl	ADS1115_I2C_Send
 257              	.LVL18:
  55:Core/Src/ads1115.c **** 
  56:Core/Src/ads1115.c **** 	buf[0] = ADS1115_REG_LO_TH;
 258              		.loc 1 56 2 is_stmt 1 view .LVU54
 259              		.loc 1 56 9 is_stmt 0 view .LVU55
 260 0068 0223     		movs	r3, #2
 261 006a 8DF80430 		strb	r3, [sp, #4]
  57:Core/Src/ads1115.c **** 	buf[1] = (adc->loThresh >> 8);		//MSB
 262              		.loc 1 57 2 is_stmt 1 view .LVU56
 263              		.loc 1 57 15 is_stmt 0 view .LVU57
 264 006e A389     		ldrh	r3, [r4, #12]
 265              		.loc 1 57 9 view .LVU58
 266 0070 1A0A     		lsrs	r2, r3, #8
 267 0072 8DF80520 		strb	r2, [sp, #5]
  58:Core/Src/ads1115.c **** 	buf[2] = (adc->loThresh & 0xFF);		//LSB
 268              		.loc 1 58 2 is_stmt 1 view .LVU59
 269              		.loc 1 58 9 is_stmt 0 view .LVU60
 270 0076 8DF80630 		strb	r3, [sp, #6]
  59:Core/Src/ads1115.c **** 	ADS1115_I2C_Send(adc->address,buf,3);
 271              		.loc 1 59 2 is_stmt 1 view .LVU61
 272 007a 0322     		movs	r2, #3
 273 007c 01A9     		add	r1, sp, #4
 274 007e 2078     		ldrb	r0, [r4]	@ zero_extendqisi2
 275 0080 FFF7FEFF 		bl	ADS1115_I2C_Send
 276              	.LVL19:
  60:Core/Src/ads1115.c **** 
  61:Core/Src/ads1115.c **** 	buf[0] = ADS1115_REG_HI_TH;
 277              		.loc 1 61 2 view .LVU62
 278              		.loc 1 61 9 is_stmt 0 view .LVU63
 279 0084 0322     		movs	r2, #3
 280 0086 8DF80420 		strb	r2, [sp, #4]
  62:Core/Src/ads1115.c **** 	buf[1] = (adc->hiThresh >> 8);		//MSB
 281              		.loc 1 62 2 is_stmt 1 view .LVU64
 282              		.loc 1 62 15 is_stmt 0 view .LVU65
 283 008a 6389     		ldrh	r3, [r4, #10]
 284              		.loc 1 62 9 view .LVU66
 285 008c 190A     		lsrs	r1, r3, #8
 286 008e 8DF80510 		strb	r1, [sp, #5]
  63:Core/Src/ads1115.c **** 	buf[2] = (adc->hiThresh & 0xFF);		//LSB
ARM GAS  C:\Users\Password\AppData\Local\Temp\ccn325Z5.s 			page 7


 287              		.loc 1 63 2 is_stmt 1 view .LVU67
 288              		.loc 1 63 9 is_stmt 0 view .LVU68
 289 0092 8DF80630 		strb	r3, [sp, #6]
  64:Core/Src/ads1115.c **** 	ADS1115_I2C_Send(adc->address,buf,3);
 290              		.loc 1 64 2 is_stmt 1 view .LVU69
 291 0096 01A9     		add	r1, sp, #4
 292 0098 2078     		ldrb	r0, [r4]	@ zero_extendqisi2
 293 009a FFF7FEFF 		bl	ADS1115_I2C_Send
 294              	.LVL20:
  65:Core/Src/ads1115.c **** }
 295              		.loc 1 65 1 is_stmt 0 view .LVU70
 296 009e 02B0     		add	sp, sp, #8
 297              	.LCFI11:
 298              		.cfi_def_cfa_offset 8
 299              		@ sp needed
 300 00a0 10BD     		pop	{r4, pc}
 301              	.LVL21:
 302              	.L14:
 303              		.loc 1 65 1 view .LVU71
 304 00a2 00BF     		.align	2
 305              	.L13:
 306 00a4 00000000 		.word	.LANCHOR0
 307              		.cfi_endproc
 308              	.LFE133:
 310              		.section	.text.ADS1115_Get_Last_Result,"ax",%progbits
 311              		.align	1
 312              		.global	ADS1115_Get_Last_Result
 313              		.syntax unified
 314              		.thumb
 315              		.thumb_func
 317              	ADS1115_Get_Last_Result:
 318              	.LVL22:
 319              	.LFB135:
  66:Core/Src/ads1115.c **** 
  67:Core/Src/ads1115.c **** 
  68:Core/Src/ads1115.c **** /**
  69:Core/Src/ads1115.c ****  * @brief: ADS1115_Get_Single_Conversion - starts and returns the result of a single conversion
  70:Core/Src/ads1115.c ****  * @param: adc							 - ADS1115 device
  71:Core/Src/ads1115.c ****  * @param: channel						 - single ended input channel
  72:Core/Src/ads1115.c ****  * 										 - valid values are 0,1,2 or 3
  73:Core/Src/ads1115.c ****  * @reval: conv							 - 16-bit signed integer conversion result
  74:Core/Src/ads1115.c ****  * */
  75:Core/Src/ads1115.c **** int16_t ADS1115_Get_Single_Conversion(ADS1115* adc , uint8_t channel)
  76:Core/Src/ads1115.c **** {
  77:Core/Src/ads1115.c **** 	uint8_t buf[3] = {0};
  78:Core/Src/ads1115.c **** 
  79:Core/Src/ads1115.c **** 	channel += 4;	//multiplexer single-ended mode setting bits
  80:Core/Src/ads1115.c **** 	channel &= 0x07;//masking irrelevant bits
  81:Core/Src/ads1115.c **** 
  82:Core/Src/ads1115.c **** 	buf[0] = ADS1115_REG_CONFIG;
  83:Core/Src/ads1115.c **** 	buf[1] |= 	(ADS1115_OS_START_CONV << 	15-8) 
  84:Core/Src/ads1115.c **** 				| (channel 			<<	12-8) 
  85:Core/Src/ads1115.c **** 				| (adc->fullRange	<<	9-8) 
  86:Core/Src/ads1115.c **** 				| (ADS1115_MODE_SINGLE_CONV	<<	8-8);
  87:Core/Src/ads1115.c **** 
  88:Core/Src/ads1115.c **** 	buf[2] |= 	(adc->sampleRate		<<	5) 
  89:Core/Src/ads1115.c **** 				| (adc->compMode		<<	4) 
ARM GAS  C:\Users\Password\AppData\Local\Temp\ccn325Z5.s 			page 8


  90:Core/Src/ads1115.c **** 				| (adc->compPol		<<	3) 
  91:Core/Src/ads1115.c **** 				| (adc->compLatch	<<	2) 
  92:Core/Src/ads1115.c **** 				| adc->compQue		<<	0;
  93:Core/Src/ads1115.c **** 
  94:Core/Src/ads1115.c **** 	ADS1115_I2C_Send(adc->address,buf,3);
  95:Core/Src/ads1115.c **** 
  96:Core/Src/ads1115.c **** 	while(!(ADS1115_Get_Config(adc) & (1<<15))); //while a conversion is ongoing
  97:Core/Src/ads1115.c **** 
  98:Core/Src/ads1115.c **** 	return ADS1115_Get_Last_Result(adc);
  99:Core/Src/ads1115.c **** }
 100:Core/Src/ads1115.c **** 
 101:Core/Src/ads1115.c **** /**
 102:Core/Src/ads1115.c ****  * @brief: ADS1115_Get_Last_Result	- returns the contents of the ADS1115 conversion result register
 103:Core/Src/ads1115.c ****  * @param: adc						- ADS1115 device
 104:Core/Src/ads1115.c ****  * @reval: conv						- 16-bit signed integer conversion result
 105:Core/Src/ads1115.c ****  * */
 106:Core/Src/ads1115.c **** int16_t ADS1115_Get_Last_Result(ADS1115* adc)
 107:Core/Src/ads1115.c **** {
 320              		.loc 1 107 1 is_stmt 1 view -0
 321              		.cfi_startproc
 322              		@ args = 0, pretend = 0, frame = 8
 323              		@ frame_needed = 0, uses_anonymous_args = 0
 324              		.loc 1 107 1 is_stmt 0 view .LVU73
 325 0000 10B5     		push	{r4, lr}
 326              	.LCFI12:
 327              		.cfi_def_cfa_offset 8
 328              		.cfi_offset 4, -8
 329              		.cfi_offset 14, -4
 330 0002 82B0     		sub	sp, sp, #8
 331              	.LCFI13:
 332              		.cfi_def_cfa_offset 16
 333 0004 0446     		mov	r4, r0
 108:Core/Src/ads1115.c **** 	int16_t conv = 0;
 334              		.loc 1 108 2 is_stmt 1 view .LVU74
 335              	.LVL23:
 109:Core/Src/ads1115.c **** 	uint8_t buf[3] = {0};
 336              		.loc 1 109 2 view .LVU75
 337              		.loc 1 109 10 is_stmt 0 view .LVU76
 338 0006 0D4B     		ldr	r3, .L19
 339 0008 1B88     		ldrh	r3, [r3]
 340 000a ADF80430 		strh	r3, [sp, #4]	@ movhi
 341 000e 0023     		movs	r3, #0
 342 0010 8DF80630 		strb	r3, [sp, #6]
 110:Core/Src/ads1115.c **** 
 111:Core/Src/ads1115.c **** 	buf[0] = ADS1115_REG_CONV;
 343              		.loc 1 111 2 is_stmt 1 view .LVU77
 112:Core/Src/ads1115.c **** 	ADS1115_I2C_Send(adc->address,buf,1);
 344              		.loc 1 112 2 view .LVU78
 345 0014 0122     		movs	r2, #1
 346 0016 01A9     		add	r1, sp, #4
 347 0018 0078     		ldrb	r0, [r0]	@ zero_extendqisi2
 348              	.LVL24:
 349              		.loc 1 112 2 is_stmt 0 view .LVU79
 350 001a FFF7FEFF 		bl	ADS1115_I2C_Send
 351              	.LVL25:
 113:Core/Src/ads1115.c **** 
 114:Core/Src/ads1115.c **** 	ADS1115_I2C_Receive(adc->address,buf,2);
ARM GAS  C:\Users\Password\AppData\Local\Temp\ccn325Z5.s 			page 9


 352              		.loc 1 114 2 is_stmt 1 view .LVU80
 353 001e 0222     		movs	r2, #2
 354 0020 01A9     		add	r1, sp, #4
 355 0022 2078     		ldrb	r0, [r4]	@ zero_extendqisi2
 356 0024 FFF7FEFF 		bl	ADS1115_I2C_Receive
 357              	.LVL26:
 115:Core/Src/ads1115.c **** 	
 116:Core/Src/ads1115.c **** 	if (buf[0] & (1<<8))
 358              		.loc 1 116 2 view .LVU81
 359              		.loc 1 116 9 is_stmt 0 view .LVU82
 360 0028 9DF80400 		ldrb	r0, [sp, #4]	@ zero_extendqisi2
 117:Core/Src/ads1115.c **** 		conv = ~( ((uint16_t)buf[0] << 8) | buf[1] ) + 1;
 118:Core/Src/ads1115.c **** 	else
 119:Core/Src/ads1115.c **** 		conv = ((uint16_t)buf[0] << 8) | buf[1];
 361              		.loc 1 119 3 is_stmt 1 view .LVU83
 362              		.loc 1 119 28 is_stmt 0 view .LVU84
 363 002c 0002     		lsls	r0, r0, #8
 364              		.loc 1 119 34 view .LVU85
 365 002e 00B2     		sxth	r0, r0
 366              		.loc 1 119 39 view .LVU86
 367 0030 9DF80530 		ldrb	r3, [sp, #5]	@ zero_extendqisi2
 368              		.loc 1 119 8 view .LVU87
 369 0034 1843     		orrs	r0, r0, r3
 370              	.LVL27:
 120:Core/Src/ads1115.c **** 	
 121:Core/Src/ads1115.c **** 	return conv;
 371              		.loc 1 121 2 is_stmt 1 view .LVU88
 122:Core/Src/ads1115.c **** }
 372              		.loc 1 122 1 is_stmt 0 view .LVU89
 373 0036 02B0     		add	sp, sp, #8
 374              	.LCFI14:
 375              		.cfi_def_cfa_offset 8
 376              		@ sp needed
 377 0038 10BD     		pop	{r4, pc}
 378              	.LVL28:
 379              	.L20:
 380              		.loc 1 122 1 view .LVU90
 381 003a 00BF     		.align	2
 382              	.L19:
 383 003c 00000000 		.word	.LANCHOR0
 384              		.cfi_endproc
 385              	.LFE135:
 387              		.section	.text.ADS1115_Get_Config,"ax",%progbits
 388              		.align	1
 389              		.global	ADS1115_Get_Config
 390              		.syntax unified
 391              		.thumb
 392              		.thumb_func
 394              	ADS1115_Get_Config:
 395              	.LVL29:
 396              	.LFB136:
 123:Core/Src/ads1115.c **** 
 124:Core/Src/ads1115.c **** 
 125:Core/Src/ads1115.c **** uint16_t ADS1115_Get_Config(ADS1115* adc)
 126:Core/Src/ads1115.c **** {
 397              		.loc 1 126 1 is_stmt 1 view -0
 398              		.cfi_startproc
ARM GAS  C:\Users\Password\AppData\Local\Temp\ccn325Z5.s 			page 10


 399              		@ args = 0, pretend = 0, frame = 8
 400              		@ frame_needed = 0, uses_anonymous_args = 0
 401              		.loc 1 126 1 is_stmt 0 view .LVU92
 402 0000 10B5     		push	{r4, lr}
 403              	.LCFI15:
 404              		.cfi_def_cfa_offset 8
 405              		.cfi_offset 4, -8
 406              		.cfi_offset 14, -4
 407 0002 82B0     		sub	sp, sp, #8
 408              	.LCFI16:
 409              		.cfi_def_cfa_offset 16
 410 0004 0446     		mov	r4, r0
 127:Core/Src/ads1115.c **** 	uint8_t buf[3] = {0};
 411              		.loc 1 127 2 is_stmt 1 view .LVU93
 412              		.loc 1 127 10 is_stmt 0 view .LVU94
 413 0006 0D4B     		ldr	r3, .L23
 414 0008 1B88     		ldrh	r3, [r3]
 415 000a ADF80430 		strh	r3, [sp, #4]	@ movhi
 416 000e 0023     		movs	r3, #0
 417 0010 8DF80630 		strb	r3, [sp, #6]
 128:Core/Src/ads1115.c **** 
 129:Core/Src/ads1115.c **** 	buf[0] = ADS1115_REG_CONFIG;
 418              		.loc 1 129 2 is_stmt 1 view .LVU95
 419              		.loc 1 129 9 is_stmt 0 view .LVU96
 420 0014 0122     		movs	r2, #1
 421 0016 8DF80420 		strb	r2, [sp, #4]
 130:Core/Src/ads1115.c **** 	ADS1115_I2C_Send(adc->address,buf,1);
 422              		.loc 1 130 2 is_stmt 1 view .LVU97
 423 001a 01A9     		add	r1, sp, #4
 424 001c 0078     		ldrb	r0, [r0]	@ zero_extendqisi2
 425              	.LVL30:
 426              		.loc 1 130 2 is_stmt 0 view .LVU98
 427 001e FFF7FEFF 		bl	ADS1115_I2C_Send
 428              	.LVL31:
 131:Core/Src/ads1115.c **** 
 132:Core/Src/ads1115.c **** 	ADS1115_I2C_Receive(adc->address,buf,2);
 429              		.loc 1 132 2 is_stmt 1 view .LVU99
 430 0022 0222     		movs	r2, #2
 431 0024 01A9     		add	r1, sp, #4
 432 0026 2078     		ldrb	r0, [r4]	@ zero_extendqisi2
 433 0028 FFF7FEFF 		bl	ADS1115_I2C_Receive
 434              	.LVL32:
 133:Core/Src/ads1115.c **** 
 134:Core/Src/ads1115.c **** 	return (uint16_t)buf[0] <<8 | buf[1];
 435              		.loc 1 134 2 view .LVU100
 436              		.loc 1 134 22 is_stmt 0 view .LVU101
 437 002c 9DF80400 		ldrb	r0, [sp, #4]	@ zero_extendqisi2
 438              		.loc 1 134 35 view .LVU102
 439 0030 9DF80530 		ldrb	r3, [sp, #5]	@ zero_extendqisi2
 135:Core/Src/ads1115.c **** 
 136:Core/Src/ads1115.c **** }...
 440              		.loc 1 136 1 view .LVU103
 441 0034 43EA0020 		orr	r0, r3, r0, lsl #8
 442 0038 02B0     		add	sp, sp, #8
 443              	.LCFI17:
 444              		.cfi_def_cfa_offset 8
 445              		@ sp needed
ARM GAS  C:\Users\Password\AppData\Local\Temp\ccn325Z5.s 			page 11


 446 003a 10BD     		pop	{r4, pc}
 447              	.LVL33:
 448              	.L24:
 449              		.loc 1 136 1 view .LVU104
 450              		.align	2
 451              	.L23:
 452 003c 00000000 		.word	.LANCHOR0
 453              		.cfi_endproc
 454              	.LFE136:
 456              		.section	.text.ADS1115_Get_Single_Conversion,"ax",%progbits
 457              		.align	1
 458              		.global	ADS1115_Get_Single_Conversion
 459              		.syntax unified
 460              		.thumb
 461              		.thumb_func
 463              	ADS1115_Get_Single_Conversion:
 464              	.LVL34:
 465              	.LFB134:
  76:Core/Src/ads1115.c **** {
 466              		.loc 1 76 1 is_stmt 1 view -0
 467              		.cfi_startproc
 468              		@ args = 0, pretend = 0, frame = 8
 469              		@ frame_needed = 0, uses_anonymous_args = 0
  76:Core/Src/ads1115.c **** {
 470              		.loc 1 76 1 is_stmt 0 view .LVU106
 471 0000 10B5     		push	{r4, lr}
 472              	.LCFI18:
 473              		.cfi_def_cfa_offset 8
 474              		.cfi_offset 4, -8
 475              		.cfi_offset 14, -4
 476 0002 82B0     		sub	sp, sp, #8
 477              	.LCFI19:
 478              		.cfi_def_cfa_offset 16
 479 0004 0446     		mov	r4, r0
  77:Core/Src/ads1115.c **** 	uint8_t buf[3] = {0};
 480              		.loc 1 77 2 is_stmt 1 view .LVU107
  77:Core/Src/ads1115.c **** 	uint8_t buf[3] = {0};
 481              		.loc 1 77 10 is_stmt 0 view .LVU108
 482 0006 1D4B     		ldr	r3, .L28
 483 0008 1B88     		ldrh	r3, [r3]
 484 000a ADF80430 		strh	r3, [sp, #4]	@ movhi
 485 000e 0023     		movs	r3, #0
 486 0010 8DF80630 		strb	r3, [sp, #6]
  79:Core/Src/ads1115.c **** 	channel += 4;	//multiplexer single-ended mode setting bits
 487              		.loc 1 79 2 is_stmt 1 view .LVU109
  79:Core/Src/ads1115.c **** 	channel += 4;	//multiplexer single-ended mode setting bits
 488              		.loc 1 79 10 is_stmt 0 view .LVU110
 489 0014 0B1D     		adds	r3, r1, #4
 490              	.LVL35:
  80:Core/Src/ads1115.c **** 	channel &= 0x07;//masking irrelevant bits
 491              		.loc 1 80 2 is_stmt 1 view .LVU111
  80:Core/Src/ads1115.c **** 	channel &= 0x07;//masking irrelevant bits
 492              		.loc 1 80 10 is_stmt 0 view .LVU112
 493 0016 03F00703 		and	r3, r3, #7
 494              	.LVL36:
  82:Core/Src/ads1115.c **** 	buf[0] = ADS1115_REG_CONFIG;
 495              		.loc 1 82 2 is_stmt 1 view .LVU113
ARM GAS  C:\Users\Password\AppData\Local\Temp\ccn325Z5.s 			page 12


  82:Core/Src/ads1115.c **** 	buf[0] = ADS1115_REG_CONFIG;
 496              		.loc 1 82 9 is_stmt 0 view .LVU114
 497 001a 0122     		movs	r2, #1
 498 001c 8DF80420 		strb	r2, [sp, #4]
  83:Core/Src/ads1115.c **** 	buf[1] |= 	(ADS1115_OS_START_CONV << 	15-8) 
 499              		.loc 1 83 2 is_stmt 1 view .LVU115
  84:Core/Src/ads1115.c **** 				| (channel 			<<	12-8) 
 500              		.loc 1 84 19 is_stmt 0 view .LVU116
 501 0020 1B01     		lsls	r3, r3, #4
 502              	.LVL37:
  84:Core/Src/ads1115.c **** 				| (channel 			<<	12-8) 
 503              		.loc 1 84 5 view .LVU117
 504 0022 63F07F03 		orn	r3, r3, #127
  85:Core/Src/ads1115.c **** 				| (adc->fullRange	<<	9-8) 
 505              		.loc 1 85 11 view .LVU118
 506 0026 C278     		ldrb	r2, [r0, #3]	@ zero_extendqisi2
  85:Core/Src/ads1115.c **** 				| (adc->fullRange	<<	9-8) 
 507              		.loc 1 85 5 view .LVU119
 508 0028 43EA4203 		orr	r3, r3, r2, lsl #1
 509 002c 5BB2     		sxtb	r3, r3
  83:Core/Src/ads1115.c **** 	buf[1] |= 	(ADS1115_OS_START_CONV << 	15-8) 
 510              		.loc 1 83 9 view .LVU120
 511 002e 43F00103 		orr	r3, r3, #1
 512 0032 8DF80530 		strb	r3, [sp, #5]
  88:Core/Src/ads1115.c **** 	buf[2] |= 	(adc->sampleRate		<<	5) 
 513              		.loc 1 88 2 is_stmt 1 view .LVU121
  88:Core/Src/ads1115.c **** 	buf[2] |= 	(adc->sampleRate		<<	5) 
 514              		.loc 1 88 17 is_stmt 0 view .LVU122
 515 0036 4279     		ldrb	r2, [r0, #5]	@ zero_extendqisi2
  89:Core/Src/ads1115.c **** 				| (adc->compMode		<<	4) 
 516              		.loc 1 89 11 view .LVU123
 517 0038 8379     		ldrb	r3, [r0, #6]	@ zero_extendqisi2
  89:Core/Src/ads1115.c **** 				| (adc->compMode		<<	4) 
 518              		.loc 1 89 23 view .LVU124
 519 003a 1B01     		lsls	r3, r3, #4
  89:Core/Src/ads1115.c **** 				| (adc->compMode		<<	4) 
 520              		.loc 1 89 5 view .LVU125
 521 003c 43EA4213 		orr	r3, r3, r2, lsl #5
 522 0040 5BB2     		sxtb	r3, r3
  90:Core/Src/ads1115.c **** 				| (adc->compPol		<<	3) 
 523              		.loc 1 90 11 view .LVU126
 524 0042 C279     		ldrb	r2, [r0, #7]	@ zero_extendqisi2
  90:Core/Src/ads1115.c **** 				| (adc->compPol		<<	3) 
 525              		.loc 1 90 5 view .LVU127
 526 0044 43EAC203 		orr	r3, r3, r2, lsl #3
 527 0048 5BB2     		sxtb	r3, r3
  91:Core/Src/ads1115.c **** 				| (adc->compLatch	<<	2) 
 528              		.loc 1 91 11 view .LVU128
 529 004a 027A     		ldrb	r2, [r0, #8]	@ zero_extendqisi2
  91:Core/Src/ads1115.c **** 				| (adc->compLatch	<<	2) 
 530              		.loc 1 91 5 view .LVU129
 531 004c 43EA8203 		orr	r3, r3, r2, lsl #2
 532 0050 5BB2     		sxtb	r3, r3
  92:Core/Src/ads1115.c **** 				| adc->compQue		<<	0;
 533              		.loc 1 92 10 view .LVU130
 534 0052 427A     		ldrb	r2, [r0, #9]	@ zero_extendqisi2
  88:Core/Src/ads1115.c **** 	buf[2] |= 	(adc->sampleRate		<<	5) 
ARM GAS  C:\Users\Password\AppData\Local\Temp\ccn325Z5.s 			page 13


 535              		.loc 1 88 9 view .LVU131
 536 0054 1343     		orrs	r3, r3, r2
 537 0056 8DF80630 		strb	r3, [sp, #6]
  94:Core/Src/ads1115.c **** 	ADS1115_I2C_Send(adc->address,buf,3);
 538              		.loc 1 94 2 is_stmt 1 view .LVU132
 539 005a 0322     		movs	r2, #3
 540 005c 01A9     		add	r1, sp, #4
 541              	.LVL38:
  94:Core/Src/ads1115.c **** 	ADS1115_I2C_Send(adc->address,buf,3);
 542              		.loc 1 94 2 is_stmt 0 view .LVU133
 543 005e 0078     		ldrb	r0, [r0]	@ zero_extendqisi2
 544              	.LVL39:
  94:Core/Src/ads1115.c **** 	ADS1115_I2C_Send(adc->address,buf,3);
 545              		.loc 1 94 2 view .LVU134
 546 0060 FFF7FEFF 		bl	ADS1115_I2C_Send
 547              	.LVL40:
  96:Core/Src/ads1115.c **** 	while(!(ADS1115_Get_Config(adc) & (1<<15))); //while a conversion is ongoing
 548              		.loc 1 96 2 is_stmt 1 view .LVU135
 549              	.L26:
  96:Core/Src/ads1115.c **** 	while(!(ADS1115_Get_Config(adc) & (1<<15))); //while a conversion is ongoing
 550              		.loc 1 96 8 discriminator 1 view .LVU136
  96:Core/Src/ads1115.c **** 	while(!(ADS1115_Get_Config(adc) & (1<<15))); //while a conversion is ongoing
 551              		.loc 1 96 10 is_stmt 0 discriminator 1 view .LVU137
 552 0064 2046     		mov	r0, r4
 553 0066 FFF7FEFF 		bl	ADS1115_Get_Config
 554              	.LVL41:
  96:Core/Src/ads1115.c **** 	while(!(ADS1115_Get_Config(adc) & (1<<15))); //while a conversion is ongoing
 555              		.loc 1 96 8 discriminator 1 view .LVU138
 556 006a 10F4004F 		tst	r0, #32768
 557 006e F9D0     		beq	.L26
  98:Core/Src/ads1115.c **** 	return ADS1115_Get_Last_Result(adc);
 558              		.loc 1 98 2 is_stmt 1 view .LVU139
  98:Core/Src/ads1115.c **** 	return ADS1115_Get_Last_Result(adc);
 559              		.loc 1 98 9 is_stmt 0 view .LVU140
 560 0070 2046     		mov	r0, r4
 561 0072 FFF7FEFF 		bl	ADS1115_Get_Last_Result
 562              	.LVL42:
  99:Core/Src/ads1115.c **** }
 563              		.loc 1 99 1 view .LVU141
 564 0076 02B0     		add	sp, sp, #8
 565              	.LCFI20:
 566              		.cfi_def_cfa_offset 8
 567              		@ sp needed
 568 0078 10BD     		pop	{r4, pc}
 569              	.LVL43:
 570              	.L29:
  99:Core/Src/ads1115.c **** }
 571              		.loc 1 99 1 view .LVU142
 572 007a 00BF     		.align	2
 573              	.L28:
 574 007c 00000000 		.word	.LANCHOR0
 575              		.cfi_endproc
 576              	.LFE134:
 578              		.section	.rodata
 579              		.align	2
 580              		.set	.LANCHOR0,. + 0
 581              	.LC0:
ARM GAS  C:\Users\Password\AppData\Local\Temp\ccn325Z5.s 			page 14


 582 0000 0000     		.ascii	"\000\000"
 583 0002 00       		.space	1
 584              		.text
 585              	.Letext0:
 586              		.file 2 "c:\\data\\program files (x86)\\arm gnu toolchain arm-none-eabi\\11.3 rel1\\arm-none-eabi\
 587              		.file 3 "c:\\data\\program files (x86)\\arm gnu toolchain arm-none-eabi\\11.3 rel1\\arm-none-eabi\
 588              		.file 4 "Core/Inc/ads1115.h"
 589              		.file 5 "Drivers/CMSIS/Device/ST/STM32F4xx/Include/stm32f401xe.h"
 590              		.file 6 "Drivers/STM32F4xx_HAL_Driver/Inc/stm32f4xx_hal_def.h"
 591              		.file 7 "Drivers/STM32F4xx_HAL_Driver/Inc/stm32f4xx_hal_dma.h"
 592              		.file 8 "Drivers/STM32F4xx_HAL_Driver/Inc/stm32f4xx_hal_i2c.h"
ARM GAS  C:\Users\Password\AppData\Local\Temp\ccn325Z5.s 			page 15


DEFINED SYMBOLS
                            *ABS*:00000000 ads1115.c
C:\Users\Password\AppData\Local\Temp\ccn325Z5.s:20     .text.ADS1115_I2C_Send:00000000 $t
C:\Users\Password\AppData\Local\Temp\ccn325Z5.s:26     .text.ADS1115_I2C_Send:00000000 ADS1115_I2C_Send
C:\Users\Password\AppData\Local\Temp\ccn325Z5.s:66     .text.ADS1115_I2C_Send:0000001c $d
C:\Users\Password\AppData\Local\Temp\ccn325Z5.s:71     .text.ADS1115_I2C_Receive:00000000 $t
C:\Users\Password\AppData\Local\Temp\ccn325Z5.s:77     .text.ADS1115_I2C_Receive:00000000 ADS1115_I2C_Receive
C:\Users\Password\AppData\Local\Temp\ccn325Z5.s:116    .text.ADS1115_I2C_Receive:0000001c $d
C:\Users\Password\AppData\Local\Temp\ccn325Z5.s:121    .text.ADS1115_Reset:00000000 $t
C:\Users\Password\AppData\Local\Temp\ccn325Z5.s:127    .text.ADS1115_Reset:00000000 ADS1115_Reset
C:\Users\Password\AppData\Local\Temp\ccn325Z5.s:164    .text.ADS1115_Init:00000000 $t
C:\Users\Password\AppData\Local\Temp\ccn325Z5.s:170    .text.ADS1115_Init:00000000 ADS1115_Init
C:\Users\Password\AppData\Local\Temp\ccn325Z5.s:306    .text.ADS1115_Init:000000a4 $d
C:\Users\Password\AppData\Local\Temp\ccn325Z5.s:311    .text.ADS1115_Get_Last_Result:00000000 $t
C:\Users\Password\AppData\Local\Temp\ccn325Z5.s:317    .text.ADS1115_Get_Last_Result:00000000 ADS1115_Get_Last_Result
C:\Users\Password\AppData\Local\Temp\ccn325Z5.s:383    .text.ADS1115_Get_Last_Result:0000003c $d
C:\Users\Password\AppData\Local\Temp\ccn325Z5.s:388    .text.ADS1115_Get_Config:00000000 $t
C:\Users\Password\AppData\Local\Temp\ccn325Z5.s:394    .text.ADS1115_Get_Config:00000000 ADS1115_Get_Config
C:\Users\Password\AppData\Local\Temp\ccn325Z5.s:452    .text.ADS1115_Get_Config:0000003c $d
C:\Users\Password\AppData\Local\Temp\ccn325Z5.s:457    .text.ADS1115_Get_Single_Conversion:00000000 $t
C:\Users\Password\AppData\Local\Temp\ccn325Z5.s:463    .text.ADS1115_Get_Single_Conversion:00000000 ADS1115_Get_Single_Conversion
C:\Users\Password\AppData\Local\Temp\ccn325Z5.s:574    .text.ADS1115_Get_Single_Conversion:0000007c $d
C:\Users\Password\AppData\Local\Temp\ccn325Z5.s:579    .rodata:00000000 $d

UNDEFINED SYMBOLS
HAL_I2C_Master_Transmit
hi2c1
HAL_I2C_Master_Receive
