ARM GAS  C:\Users\Password\AppData\Local\Temp\ccvlethd.s 			page 1


   1              		.cpu cortex-m4
   2              		.arch armv7e-m
   3              		.fpu fpv4-sp-d16
   4              		.eabi_attribute 27, 1
   5              		.eabi_attribute 28, 1
   6              		.eabi_attribute 20, 1
   7              		.eabi_attribute 21, 1
   8              		.eabi_attribute 23, 3
   9              		.eabi_attribute 24, 1
  10              		.eabi_attribute 25, 1
  11              		.eabi_attribute 26, 1
  12              		.eabi_attribute 30, 1
  13              		.eabi_attribute 34, 1
  14              		.eabi_attribute 18, 4
  15              		.file	"stm32f4xx_hal_msp.c"
  16              		.text
  17              	.Ltext0:
  18              		.cfi_sections	.debug_frame
  19              		.section	.text.HAL_MspInit,"ax",%progbits
  20              		.align	1
  21              		.global	HAL_MspInit
  22              		.syntax unified
  23              		.thumb
  24              		.thumb_func
  26              	HAL_MspInit:
  27              	.LFB130:
  28              		.file 1 "Core/Src/stm32f4xx_hal_msp.c"
   1:Core/Src/stm32f4xx_hal_msp.c **** /* USER CODE BEGIN Header */
   2:Core/Src/stm32f4xx_hal_msp.c **** /**
   3:Core/Src/stm32f4xx_hal_msp.c ****   ******************************************************************************
   4:Core/Src/stm32f4xx_hal_msp.c ****   * @file         stm32f4xx_hal_msp.c
   5:Core/Src/stm32f4xx_hal_msp.c ****   * @brief        This file provides code for the MSP Initialization
   6:Core/Src/stm32f4xx_hal_msp.c ****   *               and de-Initialization codes.
   7:Core/Src/stm32f4xx_hal_msp.c ****   ******************************************************************************
   8:Core/Src/stm32f4xx_hal_msp.c ****   * @attention
   9:Core/Src/stm32f4xx_hal_msp.c ****   *
  10:Core/Src/stm32f4xx_hal_msp.c ****   * Copyright (c) 2022 STMicroelectronics.
  11:Core/Src/stm32f4xx_hal_msp.c ****   * All rights reserved.
  12:Core/Src/stm32f4xx_hal_msp.c ****   *
  13:Core/Src/stm32f4xx_hal_msp.c ****   * This software is licensed under terms that can be found in the LICENSE file
  14:Core/Src/stm32f4xx_hal_msp.c ****   * in the root directory of this software component.
  15:Core/Src/stm32f4xx_hal_msp.c ****   * If no LICENSE file comes with this software, it is provided AS-IS.
  16:Core/Src/stm32f4xx_hal_msp.c ****   *
  17:Core/Src/stm32f4xx_hal_msp.c ****   ******************************************************************************
  18:Core/Src/stm32f4xx_hal_msp.c ****   */
  19:Core/Src/stm32f4xx_hal_msp.c **** /* USER CODE END Header */
  20:Core/Src/stm32f4xx_hal_msp.c **** 
  21:Core/Src/stm32f4xx_hal_msp.c **** /* Includes ------------------------------------------------------------------*/
  22:Core/Src/stm32f4xx_hal_msp.c **** #include "main.h"
  23:Core/Src/stm32f4xx_hal_msp.c **** /* USER CODE BEGIN Includes */
  24:Core/Src/stm32f4xx_hal_msp.c **** 
  25:Core/Src/stm32f4xx_hal_msp.c **** /* USER CODE END Includes */
  26:Core/Src/stm32f4xx_hal_msp.c **** 
  27:Core/Src/stm32f4xx_hal_msp.c **** /* Private typedef -----------------------------------------------------------*/
  28:Core/Src/stm32f4xx_hal_msp.c **** /* USER CODE BEGIN TD */
  29:Core/Src/stm32f4xx_hal_msp.c **** 
  30:Core/Src/stm32f4xx_hal_msp.c **** /* USER CODE END TD */
ARM GAS  C:\Users\Password\AppData\Local\Temp\ccvlethd.s 			page 2


  31:Core/Src/stm32f4xx_hal_msp.c **** 
  32:Core/Src/stm32f4xx_hal_msp.c **** /* Private define ------------------------------------------------------------*/
  33:Core/Src/stm32f4xx_hal_msp.c **** /* USER CODE BEGIN Define */
  34:Core/Src/stm32f4xx_hal_msp.c **** 
  35:Core/Src/stm32f4xx_hal_msp.c **** /* USER CODE END Define */
  36:Core/Src/stm32f4xx_hal_msp.c **** 
  37:Core/Src/stm32f4xx_hal_msp.c **** /* Private macro -------------------------------------------------------------*/
  38:Core/Src/stm32f4xx_hal_msp.c **** /* USER CODE BEGIN Macro */
  39:Core/Src/stm32f4xx_hal_msp.c **** 
  40:Core/Src/stm32f4xx_hal_msp.c **** /* USER CODE END Macro */
  41:Core/Src/stm32f4xx_hal_msp.c **** 
  42:Core/Src/stm32f4xx_hal_msp.c **** /* Private variables ---------------------------------------------------------*/
  43:Core/Src/stm32f4xx_hal_msp.c **** /* USER CODE BEGIN PV */
  44:Core/Src/stm32f4xx_hal_msp.c **** 
  45:Core/Src/stm32f4xx_hal_msp.c **** /* USER CODE END PV */
  46:Core/Src/stm32f4xx_hal_msp.c **** 
  47:Core/Src/stm32f4xx_hal_msp.c **** /* Private function prototypes -----------------------------------------------*/
  48:Core/Src/stm32f4xx_hal_msp.c **** /* USER CODE BEGIN PFP */
  49:Core/Src/stm32f4xx_hal_msp.c **** 
  50:Core/Src/stm32f4xx_hal_msp.c **** /* USER CODE END PFP */
  51:Core/Src/stm32f4xx_hal_msp.c **** 
  52:Core/Src/stm32f4xx_hal_msp.c **** /* External functions --------------------------------------------------------*/
  53:Core/Src/stm32f4xx_hal_msp.c **** /* USER CODE BEGIN ExternalFunctions */
  54:Core/Src/stm32f4xx_hal_msp.c **** 
  55:Core/Src/stm32f4xx_hal_msp.c **** /* USER CODE END ExternalFunctions */
  56:Core/Src/stm32f4xx_hal_msp.c **** 
  57:Core/Src/stm32f4xx_hal_msp.c **** /* USER CODE BEGIN 0 */
  58:Core/Src/stm32f4xx_hal_msp.c **** 
  59:Core/Src/stm32f4xx_hal_msp.c **** /* USER CODE END 0 */
  60:Core/Src/stm32f4xx_hal_msp.c **** /**
  61:Core/Src/stm32f4xx_hal_msp.c ****   * Initializes the Global MSP.
  62:Core/Src/stm32f4xx_hal_msp.c ****   */
  63:Core/Src/stm32f4xx_hal_msp.c **** void HAL_MspInit(void)
  64:Core/Src/stm32f4xx_hal_msp.c **** {
  29              		.loc 1 64 1 view -0
  30              		.cfi_startproc
  31              		@ args = 0, pretend = 0, frame = 8
  32              		@ frame_needed = 0, uses_anonymous_args = 0
  33              		@ link register save eliminated.
  34 0000 82B0     		sub	sp, sp, #8
  35              	.LCFI0:
  36              		.cfi_def_cfa_offset 8
  65:Core/Src/stm32f4xx_hal_msp.c ****   /* USER CODE BEGIN MspInit 0 */
  66:Core/Src/stm32f4xx_hal_msp.c **** 
  67:Core/Src/stm32f4xx_hal_msp.c ****   /* USER CODE END MspInit 0 */
  68:Core/Src/stm32f4xx_hal_msp.c **** 
  69:Core/Src/stm32f4xx_hal_msp.c ****   __HAL_RCC_SYSCFG_CLK_ENABLE();
  37              		.loc 1 69 3 view .LVU1
  38              	.LBB2:
  39              		.loc 1 69 3 view .LVU2
  40 0002 0021     		movs	r1, #0
  41 0004 0091     		str	r1, [sp]
  42              		.loc 1 69 3 view .LVU3
  43 0006 0B4B     		ldr	r3, .L3
  44 0008 5A6C     		ldr	r2, [r3, #68]
  45 000a 42F48042 		orr	r2, r2, #16384
  46 000e 5A64     		str	r2, [r3, #68]
ARM GAS  C:\Users\Password\AppData\Local\Temp\ccvlethd.s 			page 3


  47              		.loc 1 69 3 view .LVU4
  48 0010 5A6C     		ldr	r2, [r3, #68]
  49 0012 02F48042 		and	r2, r2, #16384
  50 0016 0092     		str	r2, [sp]
  51              		.loc 1 69 3 view .LVU5
  52 0018 009A     		ldr	r2, [sp]
  53              	.LBE2:
  54              		.loc 1 69 3 view .LVU6
  70:Core/Src/stm32f4xx_hal_msp.c ****   __HAL_RCC_PWR_CLK_ENABLE();
  55              		.loc 1 70 3 view .LVU7
  56              	.LBB3:
  57              		.loc 1 70 3 view .LVU8
  58 001a 0191     		str	r1, [sp, #4]
  59              		.loc 1 70 3 view .LVU9
  60 001c 1A6C     		ldr	r2, [r3, #64]
  61 001e 42F08052 		orr	r2, r2, #268435456
  62 0022 1A64     		str	r2, [r3, #64]
  63              		.loc 1 70 3 view .LVU10
  64 0024 1B6C     		ldr	r3, [r3, #64]
  65 0026 03F08053 		and	r3, r3, #268435456
  66 002a 0193     		str	r3, [sp, #4]
  67              		.loc 1 70 3 view .LVU11
  68 002c 019B     		ldr	r3, [sp, #4]
  69              	.LBE3:
  70              		.loc 1 70 3 view .LVU12
  71:Core/Src/stm32f4xx_hal_msp.c **** 
  72:Core/Src/stm32f4xx_hal_msp.c ****   /* System interrupt init*/
  73:Core/Src/stm32f4xx_hal_msp.c **** 
  74:Core/Src/stm32f4xx_hal_msp.c ****   /* USER CODE BEGIN MspInit 1 */
  75:Core/Src/stm32f4xx_hal_msp.c **** 
  76:Core/Src/stm32f4xx_hal_msp.c ****   /* USER CODE END MspInit 1 */
  77:Core/Src/stm32f4xx_hal_msp.c **** }
  71              		.loc 1 77 1 is_stmt 0 view .LVU13
  72 002e 02B0     		add	sp, sp, #8
  73              	.LCFI1:
  74              		.cfi_def_cfa_offset 0
  75              		@ sp needed
  76 0030 7047     		bx	lr
  77              	.L4:
  78 0032 00BF     		.align	2
  79              	.L3:
  80 0034 00380240 		.word	1073887232
  81              		.cfi_endproc
  82              	.LFE130:
  84              		.section	.text.HAL_I2C_MspInit,"ax",%progbits
  85              		.align	1
  86              		.global	HAL_I2C_MspInit
  87              		.syntax unified
  88              		.thumb
  89              		.thumb_func
  91              	HAL_I2C_MspInit:
  92              	.LVL0:
  93              	.LFB131:
  78:Core/Src/stm32f4xx_hal_msp.c **** 
  79:Core/Src/stm32f4xx_hal_msp.c **** /**
  80:Core/Src/stm32f4xx_hal_msp.c **** * @brief I2C MSP Initialization
  81:Core/Src/stm32f4xx_hal_msp.c **** * This function configures the hardware resources used in this example
ARM GAS  C:\Users\Password\AppData\Local\Temp\ccvlethd.s 			page 4


  82:Core/Src/stm32f4xx_hal_msp.c **** * @param hi2c: I2C handle pointer
  83:Core/Src/stm32f4xx_hal_msp.c **** * @retval None
  84:Core/Src/stm32f4xx_hal_msp.c **** */
  85:Core/Src/stm32f4xx_hal_msp.c **** void HAL_I2C_MspInit(I2C_HandleTypeDef* hi2c)
  86:Core/Src/stm32f4xx_hal_msp.c **** {
  94              		.loc 1 86 1 is_stmt 1 view -0
  95              		.cfi_startproc
  96              		@ args = 0, pretend = 0, frame = 32
  97              		@ frame_needed = 0, uses_anonymous_args = 0
  98              		.loc 1 86 1 is_stmt 0 view .LVU15
  99 0000 30B5     		push	{r4, r5, lr}
 100              	.LCFI2:
 101              		.cfi_def_cfa_offset 12
 102              		.cfi_offset 4, -12
 103              		.cfi_offset 5, -8
 104              		.cfi_offset 14, -4
 105 0002 89B0     		sub	sp, sp, #36
 106              	.LCFI3:
 107              		.cfi_def_cfa_offset 48
  87:Core/Src/stm32f4xx_hal_msp.c ****   GPIO_InitTypeDef GPIO_InitStruct = {0};
 108              		.loc 1 87 3 is_stmt 1 view .LVU16
 109              		.loc 1 87 20 is_stmt 0 view .LVU17
 110 0004 0023     		movs	r3, #0
 111 0006 0393     		str	r3, [sp, #12]
 112 0008 0493     		str	r3, [sp, #16]
 113 000a 0593     		str	r3, [sp, #20]
 114 000c 0693     		str	r3, [sp, #24]
 115 000e 0793     		str	r3, [sp, #28]
  88:Core/Src/stm32f4xx_hal_msp.c ****   if(hi2c->Instance==I2C1)
 116              		.loc 1 88 3 is_stmt 1 view .LVU18
 117              		.loc 1 88 10 is_stmt 0 view .LVU19
 118 0010 0268     		ldr	r2, [r0]
 119              		.loc 1 88 5 view .LVU20
 120 0012 154B     		ldr	r3, .L9
 121 0014 9A42     		cmp	r2, r3
 122 0016 01D0     		beq	.L8
 123              	.LVL1:
 124              	.L5:
  89:Core/Src/stm32f4xx_hal_msp.c ****   {
  90:Core/Src/stm32f4xx_hal_msp.c ****   /* USER CODE BEGIN I2C1_MspInit 0 */
  91:Core/Src/stm32f4xx_hal_msp.c **** 
  92:Core/Src/stm32f4xx_hal_msp.c ****   /* USER CODE END I2C1_MspInit 0 */
  93:Core/Src/stm32f4xx_hal_msp.c **** 
  94:Core/Src/stm32f4xx_hal_msp.c ****     __HAL_RCC_GPIOB_CLK_ENABLE();
  95:Core/Src/stm32f4xx_hal_msp.c ****     /**I2C1 GPIO Configuration
  96:Core/Src/stm32f4xx_hal_msp.c ****     PB6     ------> I2C1_SCL
  97:Core/Src/stm32f4xx_hal_msp.c ****     PB7     ------> I2C1_SDA
  98:Core/Src/stm32f4xx_hal_msp.c ****     */
  99:Core/Src/stm32f4xx_hal_msp.c ****     GPIO_InitStruct.Pin = GPIO_PIN_6|GPIO_PIN_7;
 100:Core/Src/stm32f4xx_hal_msp.c ****     GPIO_InitStruct.Mode = GPIO_MODE_AF_OD;
 101:Core/Src/stm32f4xx_hal_msp.c ****     GPIO_InitStruct.Pull = GPIO_PULLUP;
 102:Core/Src/stm32f4xx_hal_msp.c ****     GPIO_InitStruct.Speed = GPIO_SPEED_FREQ_VERY_HIGH;
 103:Core/Src/stm32f4xx_hal_msp.c ****     GPIO_InitStruct.Alternate = GPIO_AF4_I2C1;
 104:Core/Src/stm32f4xx_hal_msp.c ****     HAL_GPIO_Init(GPIOB, &GPIO_InitStruct);
 105:Core/Src/stm32f4xx_hal_msp.c **** 
 106:Core/Src/stm32f4xx_hal_msp.c ****     /* Peripheral clock enable */
 107:Core/Src/stm32f4xx_hal_msp.c ****     __HAL_RCC_I2C1_CLK_ENABLE();
ARM GAS  C:\Users\Password\AppData\Local\Temp\ccvlethd.s 			page 5


 108:Core/Src/stm32f4xx_hal_msp.c ****   /* USER CODE BEGIN I2C1_MspInit 1 */
 109:Core/Src/stm32f4xx_hal_msp.c **** 
 110:Core/Src/stm32f4xx_hal_msp.c ****   /* USER CODE END I2C1_MspInit 1 */
 111:Core/Src/stm32f4xx_hal_msp.c ****   }
 112:Core/Src/stm32f4xx_hal_msp.c **** 
 113:Core/Src/stm32f4xx_hal_msp.c **** }
 125              		.loc 1 113 1 view .LVU21
 126 0018 09B0     		add	sp, sp, #36
 127              	.LCFI4:
 128              		.cfi_remember_state
 129              		.cfi_def_cfa_offset 12
 130              		@ sp needed
 131 001a 30BD     		pop	{r4, r5, pc}
 132              	.LVL2:
 133              	.L8:
 134              	.LCFI5:
 135              		.cfi_restore_state
  94:Core/Src/stm32f4xx_hal_msp.c ****     /**I2C1 GPIO Configuration
 136              		.loc 1 94 5 is_stmt 1 view .LVU22
 137              	.LBB4:
  94:Core/Src/stm32f4xx_hal_msp.c ****     /**I2C1 GPIO Configuration
 138              		.loc 1 94 5 view .LVU23
 139 001c 0025     		movs	r5, #0
 140 001e 0195     		str	r5, [sp, #4]
  94:Core/Src/stm32f4xx_hal_msp.c ****     /**I2C1 GPIO Configuration
 141              		.loc 1 94 5 view .LVU24
 142 0020 124C     		ldr	r4, .L9+4
 143 0022 236B     		ldr	r3, [r4, #48]
 144 0024 43F00203 		orr	r3, r3, #2
 145 0028 2363     		str	r3, [r4, #48]
  94:Core/Src/stm32f4xx_hal_msp.c ****     /**I2C1 GPIO Configuration
 146              		.loc 1 94 5 view .LVU25
 147 002a 236B     		ldr	r3, [r4, #48]
 148 002c 03F00203 		and	r3, r3, #2
 149 0030 0193     		str	r3, [sp, #4]
  94:Core/Src/stm32f4xx_hal_msp.c ****     /**I2C1 GPIO Configuration
 150              		.loc 1 94 5 view .LVU26
 151 0032 019B     		ldr	r3, [sp, #4]
 152              	.LBE4:
  94:Core/Src/stm32f4xx_hal_msp.c ****     /**I2C1 GPIO Configuration
 153              		.loc 1 94 5 view .LVU27
  99:Core/Src/stm32f4xx_hal_msp.c ****     GPIO_InitStruct.Mode = GPIO_MODE_AF_OD;
 154              		.loc 1 99 5 view .LVU28
  99:Core/Src/stm32f4xx_hal_msp.c ****     GPIO_InitStruct.Mode = GPIO_MODE_AF_OD;
 155              		.loc 1 99 25 is_stmt 0 view .LVU29
 156 0034 C023     		movs	r3, #192
 157 0036 0393     		str	r3, [sp, #12]
 100:Core/Src/stm32f4xx_hal_msp.c ****     GPIO_InitStruct.Pull = GPIO_PULLUP;
 158              		.loc 1 100 5 is_stmt 1 view .LVU30
 100:Core/Src/stm32f4xx_hal_msp.c ****     GPIO_InitStruct.Pull = GPIO_PULLUP;
 159              		.loc 1 100 26 is_stmt 0 view .LVU31
 160 0038 1223     		movs	r3, #18
 161 003a 0493     		str	r3, [sp, #16]
 101:Core/Src/stm32f4xx_hal_msp.c ****     GPIO_InitStruct.Speed = GPIO_SPEED_FREQ_VERY_HIGH;
 162              		.loc 1 101 5 is_stmt 1 view .LVU32
 101:Core/Src/stm32f4xx_hal_msp.c ****     GPIO_InitStruct.Speed = GPIO_SPEED_FREQ_VERY_HIGH;
 163              		.loc 1 101 26 is_stmt 0 view .LVU33
ARM GAS  C:\Users\Password\AppData\Local\Temp\ccvlethd.s 			page 6


 164 003c 0123     		movs	r3, #1
 165 003e 0593     		str	r3, [sp, #20]
 102:Core/Src/stm32f4xx_hal_msp.c ****     GPIO_InitStruct.Alternate = GPIO_AF4_I2C1;
 166              		.loc 1 102 5 is_stmt 1 view .LVU34
 102:Core/Src/stm32f4xx_hal_msp.c ****     GPIO_InitStruct.Alternate = GPIO_AF4_I2C1;
 167              		.loc 1 102 27 is_stmt 0 view .LVU35
 168 0040 0323     		movs	r3, #3
 169 0042 0693     		str	r3, [sp, #24]
 103:Core/Src/stm32f4xx_hal_msp.c ****     HAL_GPIO_Init(GPIOB, &GPIO_InitStruct);
 170              		.loc 1 103 5 is_stmt 1 view .LVU36
 103:Core/Src/stm32f4xx_hal_msp.c ****     HAL_GPIO_Init(GPIOB, &GPIO_InitStruct);
 171              		.loc 1 103 31 is_stmt 0 view .LVU37
 172 0044 0423     		movs	r3, #4
 173 0046 0793     		str	r3, [sp, #28]
 104:Core/Src/stm32f4xx_hal_msp.c **** 
 174              		.loc 1 104 5 is_stmt 1 view .LVU38
 175 0048 03A9     		add	r1, sp, #12
 176 004a 0948     		ldr	r0, .L9+8
 177              	.LVL3:
 104:Core/Src/stm32f4xx_hal_msp.c **** 
 178              		.loc 1 104 5 is_stmt 0 view .LVU39
 179 004c FFF7FEFF 		bl	HAL_GPIO_Init
 180              	.LVL4:
 107:Core/Src/stm32f4xx_hal_msp.c ****   /* USER CODE BEGIN I2C1_MspInit 1 */
 181              		.loc 1 107 5 is_stmt 1 view .LVU40
 182              	.LBB5:
 107:Core/Src/stm32f4xx_hal_msp.c ****   /* USER CODE BEGIN I2C1_MspInit 1 */
 183              		.loc 1 107 5 view .LVU41
 184 0050 0295     		str	r5, [sp, #8]
 107:Core/Src/stm32f4xx_hal_msp.c ****   /* USER CODE BEGIN I2C1_MspInit 1 */
 185              		.loc 1 107 5 view .LVU42
 186 0052 236C     		ldr	r3, [r4, #64]
 187 0054 43F40013 		orr	r3, r3, #2097152
 188 0058 2364     		str	r3, [r4, #64]
 107:Core/Src/stm32f4xx_hal_msp.c ****   /* USER CODE BEGIN I2C1_MspInit 1 */
 189              		.loc 1 107 5 view .LVU43
 190 005a 236C     		ldr	r3, [r4, #64]
 191 005c 03F40013 		and	r3, r3, #2097152
 192 0060 0293     		str	r3, [sp, #8]
 107:Core/Src/stm32f4xx_hal_msp.c ****   /* USER CODE BEGIN I2C1_MspInit 1 */
 193              		.loc 1 107 5 view .LVU44
 194 0062 029B     		ldr	r3, [sp, #8]
 195              	.LBE5:
 107:Core/Src/stm32f4xx_hal_msp.c ****   /* USER CODE BEGIN I2C1_MspInit 1 */
 196              		.loc 1 107 5 view .LVU45
 197              		.loc 1 113 1 is_stmt 0 view .LVU46
 198 0064 D8E7     		b	.L5
 199              	.L10:
 200 0066 00BF     		.align	2
 201              	.L9:
 202 0068 00540040 		.word	1073763328
 203 006c 00380240 		.word	1073887232
 204 0070 00040240 		.word	1073873920
 205              		.cfi_endproc
 206              	.LFE131:
 208              		.section	.text.HAL_I2C_MspDeInit,"ax",%progbits
 209              		.align	1
ARM GAS  C:\Users\Password\AppData\Local\Temp\ccvlethd.s 			page 7


 210              		.global	HAL_I2C_MspDeInit
 211              		.syntax unified
 212              		.thumb
 213              		.thumb_func
 215              	HAL_I2C_MspDeInit:
 216              	.LVL5:
 217              	.LFB132:
 114:Core/Src/stm32f4xx_hal_msp.c **** 
 115:Core/Src/stm32f4xx_hal_msp.c **** /**
 116:Core/Src/stm32f4xx_hal_msp.c **** * @brief I2C MSP De-Initialization
 117:Core/Src/stm32f4xx_hal_msp.c **** * This function freeze the hardware resources used in this example
 118:Core/Src/stm32f4xx_hal_msp.c **** * @param hi2c: I2C handle pointer
 119:Core/Src/stm32f4xx_hal_msp.c **** * @retval None
 120:Core/Src/stm32f4xx_hal_msp.c **** */
 121:Core/Src/stm32f4xx_hal_msp.c **** void HAL_I2C_MspDeInit(I2C_HandleTypeDef* hi2c)
 122:Core/Src/stm32f4xx_hal_msp.c **** {
 218              		.loc 1 122 1 is_stmt 1 view -0
 219              		.cfi_startproc
 220              		@ args = 0, pretend = 0, frame = 0
 221              		@ frame_needed = 0, uses_anonymous_args = 0
 123:Core/Src/stm32f4xx_hal_msp.c ****   if(hi2c->Instance==I2C1)
 222              		.loc 1 123 3 view .LVU48
 223              		.loc 1 123 10 is_stmt 0 view .LVU49
 224 0000 0268     		ldr	r2, [r0]
 225              		.loc 1 123 5 view .LVU50
 226 0002 0A4B     		ldr	r3, .L18
 227 0004 9A42     		cmp	r2, r3
 228 0006 00D0     		beq	.L17
 229 0008 7047     		bx	lr
 230              	.L17:
 122:Core/Src/stm32f4xx_hal_msp.c ****   if(hi2c->Instance==I2C1)
 231              		.loc 1 122 1 view .LVU51
 232 000a 10B5     		push	{r4, lr}
 233              	.LCFI6:
 234              		.cfi_def_cfa_offset 8
 235              		.cfi_offset 4, -8
 236              		.cfi_offset 14, -4
 124:Core/Src/stm32f4xx_hal_msp.c ****   {
 125:Core/Src/stm32f4xx_hal_msp.c ****   /* USER CODE BEGIN I2C1_MspDeInit 0 */
 126:Core/Src/stm32f4xx_hal_msp.c **** 
 127:Core/Src/stm32f4xx_hal_msp.c ****   /* USER CODE END I2C1_MspDeInit 0 */
 128:Core/Src/stm32f4xx_hal_msp.c ****     /* Peripheral clock disable */
 129:Core/Src/stm32f4xx_hal_msp.c ****     __HAL_RCC_I2C1_CLK_DISABLE();
 237              		.loc 1 129 5 is_stmt 1 view .LVU52
 238 000c 084A     		ldr	r2, .L18+4
 239 000e 136C     		ldr	r3, [r2, #64]
 240 0010 23F40013 		bic	r3, r3, #2097152
 241 0014 1364     		str	r3, [r2, #64]
 130:Core/Src/stm32f4xx_hal_msp.c **** 
 131:Core/Src/stm32f4xx_hal_msp.c ****     /**I2C1 GPIO Configuration
 132:Core/Src/stm32f4xx_hal_msp.c ****     PB6     ------> I2C1_SCL
 133:Core/Src/stm32f4xx_hal_msp.c ****     PB7     ------> I2C1_SDA
 134:Core/Src/stm32f4xx_hal_msp.c ****     */
 135:Core/Src/stm32f4xx_hal_msp.c ****     HAL_GPIO_DeInit(GPIOB, GPIO_PIN_6);
 242              		.loc 1 135 5 view .LVU53
 243 0016 074C     		ldr	r4, .L18+8
 244 0018 4021     		movs	r1, #64
ARM GAS  C:\Users\Password\AppData\Local\Temp\ccvlethd.s 			page 8


 245 001a 2046     		mov	r0, r4
 246              	.LVL6:
 247              		.loc 1 135 5 is_stmt 0 view .LVU54
 248 001c FFF7FEFF 		bl	HAL_GPIO_DeInit
 249              	.LVL7:
 136:Core/Src/stm32f4xx_hal_msp.c **** 
 137:Core/Src/stm32f4xx_hal_msp.c ****     HAL_GPIO_DeInit(GPIOB, GPIO_PIN_7);
 250              		.loc 1 137 5 is_stmt 1 view .LVU55
 251 0020 8021     		movs	r1, #128
 252 0022 2046     		mov	r0, r4
 253 0024 FFF7FEFF 		bl	HAL_GPIO_DeInit
 254              	.LVL8:
 138:Core/Src/stm32f4xx_hal_msp.c **** 
 139:Core/Src/stm32f4xx_hal_msp.c ****   /* USER CODE BEGIN I2C1_MspDeInit 1 */
 140:Core/Src/stm32f4xx_hal_msp.c **** 
 141:Core/Src/stm32f4xx_hal_msp.c ****   /* USER CODE END I2C1_MspDeInit 1 */
 142:Core/Src/stm32f4xx_hal_msp.c ****   }
 143:Core/Src/stm32f4xx_hal_msp.c **** 
 144:Core/Src/stm32f4xx_hal_msp.c **** }
 255              		.loc 1 144 1 is_stmt 0 view .LVU56
 256 0028 10BD     		pop	{r4, pc}
 257              	.L19:
 258 002a 00BF     		.align	2
 259              	.L18:
 260 002c 00540040 		.word	1073763328
 261 0030 00380240 		.word	1073887232
 262 0034 00040240 		.word	1073873920
 263              		.cfi_endproc
 264              	.LFE132:
 266              		.text
 267              	.Letext0:
 268              		.file 2 "c:\\data\\program files (x86)\\arm gnu toolchain arm-none-eabi\\11.3 rel1\\arm-none-eabi\
 269              		.file 3 "c:\\data\\program files (x86)\\arm gnu toolchain arm-none-eabi\\11.3 rel1\\arm-none-eabi\
 270              		.file 4 "Drivers/CMSIS/Device/ST/STM32F4xx/Include/stm32f401xe.h"
 271              		.file 5 "Drivers/STM32F4xx_HAL_Driver/Inc/stm32f4xx_hal_def.h"
 272              		.file 6 "Drivers/STM32F4xx_HAL_Driver/Inc/stm32f4xx_hal_gpio.h"
 273              		.file 7 "Drivers/STM32F4xx_HAL_Driver/Inc/stm32f4xx_hal_dma.h"
 274              		.file 8 "Drivers/STM32F4xx_HAL_Driver/Inc/stm32f4xx_hal_i2c.h"
ARM GAS  C:\Users\Password\AppData\Local\Temp\ccvlethd.s 			page 9


DEFINED SYMBOLS
                            *ABS*:00000000 stm32f4xx_hal_msp.c
C:\Users\Password\AppData\Local\Temp\ccvlethd.s:20     .text.HAL_MspInit:00000000 $t
C:\Users\Password\AppData\Local\Temp\ccvlethd.s:26     .text.HAL_MspInit:00000000 HAL_MspInit
C:\Users\Password\AppData\Local\Temp\ccvlethd.s:80     .text.HAL_MspInit:00000034 $d
C:\Users\Password\AppData\Local\Temp\ccvlethd.s:85     .text.HAL_I2C_MspInit:00000000 $t
C:\Users\Password\AppData\Local\Temp\ccvlethd.s:91     .text.HAL_I2C_MspInit:00000000 HAL_I2C_MspInit
C:\Users\Password\AppData\Local\Temp\ccvlethd.s:202    .text.HAL_I2C_MspInit:00000068 $d
C:\Users\Password\AppData\Local\Temp\ccvlethd.s:209    .text.HAL_I2C_MspDeInit:00000000 $t
C:\Users\Password\AppData\Local\Temp\ccvlethd.s:215    .text.HAL_I2C_MspDeInit:00000000 HAL_I2C_MspDeInit
C:\Users\Password\AppData\Local\Temp\ccvlethd.s:260    .text.HAL_I2C_MspDeInit:0000002c $d

UNDEFINED SYMBOLS
HAL_GPIO_Init
HAL_GPIO_DeInit
